# JRE version: Java(TM) SE Runtime Environment (15.0.2+7) (build 15.0.2+7-27)
# Java VM: Java HotSpot(TM) 64-Bit Server VM (15.0.2+7-27, mixed mode, sharing, tiered, compressed oops, g1 gc, bsd-amd64)
GC Precious Log:
 CPUs: 4 total, 4 available
 Memory: 4096M
 Large Page Support: Disabled
 NUMA Support: Disabled
 Compressed Oops: Enabled (Zero based)
 Heap Region Size: 1M
 Heap Min Capacity: 8M
 Heap Initial Capacity: 64M
 Heap Max Capacity: 512M
 Pre-touch: Disabled
 Parallel Workers: 4
 Concurrent Workers: 1
 Concurrent Refinement Workers: 4
 Periodic GC: Disabled
Heap:
 garbage-first heap   total 67584K, used 16862K [0x00000007e0000000, 0x0000000800000000)
  region size 1024K, 8 young (8192K), 5 survivors (5120K)
 Metaspace       used 9396K, capacity 10486K, committed 10752K, reserved 1058816K
  class space    used 1058K, capacity 1172K, committed 1280K, reserved 1048576K
GC Heap History (6 events):
Event: 1.280 GC heap before
{Heap before GC invocations=0 (full 0):
 garbage-first heap   total 67584K, used 14120K [0x00000007e0000000, 0x0000000800000000)
  region size 1024K, 13 young (13312K), 0 survivors (0K)
 Metaspace       used 3900K, capacity 7279K, committed 7424K, reserved 1056768K
  class space    used 423K, capacity 721K, committed 768K, reserved 1048576K
}
Event: 1.292 GC heap after
{Heap after GC invocations=1 (full 0):
 garbage-first heap   total 67584K, used 4375K [0x00000007e0000000, 0x0000000800000000)
  region size 1024K, 2 young (2048K), 2 survivors (2048K)
 Metaspace       used 3900K, capacity 7279K, committed 7424K, reserved 1056768K
  class space    used 423K, capacity 721K, committed 768K, reserved 1048576K
}
Event: 633.504 GC heap before
{Heap before GC invocations=1 (full 0):
 garbage-first heap   total 67584K, used 18711K [0x00000007e0000000, 0x0000000800000000)
  region size 1024K, 16 young (16384K), 2 survivors (2048K)
 Metaspace       used 8439K, capacity 9860K, committed 10112K, reserved 1058816K
  class space    used 1008K, capacity 1127K, committed 1152K, reserved 1048576K
}
Event: 633.541 GC heap after
{Heap after GC invocations=2 (full 0):
 garbage-first heap   total 67584K, used 8023K [0x00000007e0000000, 0x0000000800000000)
  region size 1024K, 2 young (2048K), 2 survivors (2048K)
 Metaspace       used 8439K, capacity 9860K, committed 10112K, reserved 1058816K
  class space    used 1008K, capacity 1127K, committed 1152K, reserved 1048576K
}
Event: 2472.619 GC heap before
{Heap before GC invocations=2 (full 0):
 garbage-first heap   total 67584K, used 39767K [0x00000007e0000000, 0x0000000800000000)
  region size 1024K, 33 young (33792K), 2 survivors (2048K)
 Metaspace       used 9389K, capacity 10486K, committed 10752K, reserved 1058816K
  class space    used 1058K, capacity 1172K, committed 1280K, reserved 1048576K
}
Event: 2472.708 GC heap after
{Heap after GC invocations=3 (full 0):
 garbage-first heap   total 67584K, used 14814K [0x00000007e0000000, 0x0000000800000000)
  region size 1024K, 5 young (5120K), 5 survivors (5120K)
 Metaspace       used 9389K, capacity 10486K, committed 10752K, reserved 1058816K
  class space    used 1058K, capacity 1172K, committed 1280K, reserved 1048576K
}

